openshift-web-console-operator
total 40K
drwxr-xr-x.   1 root root  186 May 26 14:06 .
drwxr-xr-x.   1 root root  186 May 26 14:06 ..
-rwxr-xr-x.   1 root root    0 May 26 14:06 .dockerenv
-rw-r--r--.   1 root root  12K Mar  5 17:36 anaconda-post.log
lrwxrwxrwx.   1 root root    7 Mar  5 17:34 bin -> usr/bin
drwxr-xr-x.  17 root root 3.5K May 26 14:06 dev
drwxr-xr-x.   1 root root   66 May 26 14:06 etc
drwxr-xr-x.   2 root root    6 Apr 11  2018 home
-rwxr-xr-x.   1 root root  857 Jan  1  1970 install.sh
-rw-r--r--.   1 root root 2.8K Jan  1  1970 install.yaml
-rw-r--r--.   1 root root 5.6K Jan  1  1970 kubeconfig.kubeconfig
lrwxrwxrwx.   1 root root    7 Mar  5 17:34 lib -> usr/lib
lrwxrwxrwx.   1 root root    9 Mar  5 17:34 lib64 -> usr/lib64
drwxr-xr-x.   2 root root    6 Apr 11  2018 media
drwxr-xr-x.   2 root root    6 Apr 11  2018 mnt
-rw-r--r--.   1 root root   24 Jan  1  1970 namespace-file
-rw-r--r--.   1 root root    0 Jan  1  1970 namespace.yaml
drwxr-xr-x.   2 root root    6 Apr 11  2018 opt
-rw-r--r--.   1 root root  199 Jan  1  1970 param-file.txt
-rw-r--r--.   1 root root    0 Jan  1  1970 privileged-sa-list.txt
dr-xr-xr-x. 365 root root    0 May 26 11:14 proc
-rw-r--r--.   1 root root  460 Jan  1  1970 rbac.yaml
dr-xr-x---.   1 root root   18 May  2 11:46 root
drwxr-xr-x.   1 root root    6 May  2 12:17 run
lrwxrwxrwx.   1 root root    8 Mar  5 17:34 sbin -> usr/sbin
drwxr-xr-x.   2 root root    6 Apr 11  2018 srv
dr-xr-xr-x.  13 root root    0 May 26 11:14 sys
drwxrwxrwt.   1 root root    6 May  2 12:17 tmp
drwxr-xr-x.   1 root root   30 Mar  5 17:34 usr
drwxr-xr-x.   1 root root   41 Mar  5 17:34 var
namespace/openshift-core-operators configured
clusterrolebinding.rbac.authorization.k8s.io/system:openshift:operator:web-console reconciled
customresourcedefinition.apiextensions.k8s.io/openshiftwebconsoleconfigs.webconsole.operator.openshift.io created
configmap/openshift-web-console-operator-config created
deployment.apps/openshift-web-console-operator created
serviceaccount/openshift-web-console-operator created
openshiftwebconsoleconfig.webconsole.operator.openshift.io/instance created
